<?xml version="1.0" encoding="UTF-8"?>
<!-- Generated by org.testng.reporters.JUnitReportReporter -->
<testsuite hostname="LAPTOP-7P8Q34AU" failures="0" tests="1" name="Project.blazedemo.TestCases.BlazedemoTestCase" time="6.370" errors="0" timestamp="2024-03-22T16:03:17 IST" skipped="0">
  <testcase classname="Project.blazedemo.TestCases.BlazedemoTestCase" name="vesas" time="6.370"/>
  <system-out/>
</testsuite> <!-- Project.blazedemo.TestCases.BlazedemoTestCase -->
